<?xml version="1.0" encoding="UTF-8"?>
<!-- Generated by org.testng.reporters.JUnitReportReporter -->
<testsuite skipped="1" hostname="Anie" name="by.http.tstng.tstng_study.AppTest" tests="2" failures="0" timestamp="11 Dec 2017 18:34:42 GMT" time="14.308" errors="0">
  <testcase name="test3" time="14.308" classname="by.http.tstng.tstng_study.AppTest"/>
  <testcase name="test2" classname="by.http.tstng.tstng_study.AppTest">
    <skipped/>
  </testcase> <!-- test2 -->
</testsuite> <!-- by.http.tstng.tstng_study.AppTest -->
